<?xml version="1.0" encoding="UTF-8"?>
<testng-results ignored="0" total="1" passed="1" failed="0" skipped="0">
  <reporter-output>
  </reporter-output>
  <suite started-at="2023-01-21T12:50:14 IST" name="Default suite" finished-at="2023-01-21T12:50:30 IST" duration-ms="16381">
    <groups>
    </groups>
    <test started-at="2023-01-21T12:50:14 IST" name="Default test" finished-at="2023-01-21T12:50:30 IST" duration-ms="16381">
      <class name="seleniumBasic.SampleTestCheck">
        <test-method signature="sampletesty()[pri:0, instance:seleniumBasic.SampleTestCheck@1cbb87f3]" started-at="2023-01-21T12:50:14 IST" name="sampletesty" finished-at="2023-01-21T12:50:30 IST" duration-ms="16318" status="PASS">
          <reporter-output>
          </reporter-output>
        </test-method> <!-- sampletesty -->
      </class> <!-- seleniumBasic.SampleTestCheck -->
    </test> <!-- Default test -->
  </suite> <!-- Default suite -->
</testng-results>
